

Microchip Technology PIC18 LITE Macro Assembler V2.00 build -1524193055 
                                                                                               Mon Aug 12 18:35:56 2019

Microchip Technology Omniscient Code Generator v2.00 (Free mode) build 20180527130849
     1  0000                     
     2                           ; Version 2.00
     3                           ; Generated 27/05/2018 GMT
     4                           
     5                           ; 
     6                           ; Copyright © 2018, Microchip Technology Inc. and its subsidiaries ("Microchip")
     7                           ; All rights reserved.
     8                           ; 
     9                           ; This software is developed by Microchip Technology Inc. and its subsidiaries ("Microch
                                 ip").
    10                           ; 
    11                           ; Redistribution and use in source and binary forms, with or without modification, are
    12                           ; permitted provided that the following conditions are met:
    13                           ; 
    14                           ;     1. Redistributions of source code must retain the above copyright notice, this lis
                                 t of
    15                           ;        conditions and the following disclaimer.
    16                           ; 
    17                           ;     2. Redistributions in binary form must reproduce the above copyright notice, this 
                                 list
    18                           ;        of conditions and the following disclaimer in the documentation and/or other
    19                           ;        materials provided with the distribution.
    20                           ; 
    21                           ;     3. Microchip's name may not be used to endorse or promote products derived from th
                                 is
    22                           ;        software without specific prior written permission.
    23                           ; 
    24                           ; THIS SOFTWARE IS PROVIDED BY MICROCHIP "AS IS" AND ANY EXPRESS OR IMPLIED WARRANTIES,

    25                           ; INCLUDING, BUT NOT LIMITED TO, THE IMPLIED WARRANTIES OF MERCHANTABILITY AND FITNESS F
                                 OR
    26                           ; PURPOSE ARE DISCLAIMED.  IN NO EVENT SHALL MICROCHIP BE LIABLE FOR ANY DIRECT, INDIREC
                                 T,
    27                           ; INCIDENTAL, SPECIAL, EXEMPLARY, OR CONSEQUENTIAL DAMAGES (INCLUDING BUT NOT LIMITED TO
                                 
    28                           ; PROCUREMENT OF SUBSTITUTE GOODS OR SERVICES; LOSS OF USE, DATA OR PROFITS; OR BUSINESS
                                 
    29                           ; INTERRUPTION) HOWSOEVER CAUSED AND ON ANY THEORY OF LIABILITY, WHETHER IN CONTRACT, ST
                                 RICT
    30                           ; LIABILITY, OR TORT (INCLUDING NEGLIGENCE OR OTHERWISE) ARISING IN ANY WAY OUT OF THE U
                                 SE OF
    31                           ; THIS SOFTWARE, EVEN IF ADVISED OF THE POSSIBILITY OF SUCH DAMAGE.
    32                           ; 
    33                           
    34                           
    35                           ; 
    36                           ; Code-generator required, PIC18F44K22 Definitions
    37                           ; 
    38  0000                     fsr0 equ 0FE9h
    39  0000                     fsr0h equ 0FEAh
    40  0000                     fsr0l equ 0FE9h
    41  0000                     fsr1 equ 0FE1h
    42  0000                     fsr1h equ 0FE2h
    43  0000                     fsr1l equ 0FE1h
    44  0000                     fsr2 equ 0FD9h
    45  0000                     fsr2h equ 0FDAh
    46  0000                     fsr2l equ 0FD9h
    47  0000                     indf0 equ 0FEFh
    48  0000                     indf1 equ 0FE7h
    49  0000                     indf2 equ 0FDFh
    50  0000                     intcon equ 0FF2h
    51  0000                     nvmcon equ 00h
    52  0000                     pcl equ 0FF9h
    53  0000                     pclath equ 0FFAh
    54  0000                     pclatu equ 0FFBh
    55  0000                     plusw0 equ 0FEBh
    56  0000                     plusw1 equ 0FE3h
    57  0000                     plusw2 equ 0FDBh
    58  0000                     postdec0 equ 0FEDh
    59  0000                     postdec1 equ 0FE5h
    60  0000                     postdec2 equ 0FDDh
    61  0000                     postinc0 equ 0FEEh
    62  0000                     postinc1 equ 0FE6h
    63  0000                     postinc2 equ 0FDEh
    64  0000                     preinc0 equ 0FECh
    65  0000                     preinc1 equ 0FE4h
    66  0000                     preinc2 equ 0FDCh
    67  0000                     prod equ 0FF3h
    68  0000                     prodh equ 0FF4h
    69  0000                     prodl equ 0FF3h
    70  0000                     status equ 0FD8h
    71  0000                     tablat equ 0FF5h
    72  0000                     tblptr equ 0FF6h
    73  0000                     tblptrh equ 0FF7h
    74  0000                     tblptrl equ 0FF6h
    75  0000                     tblptru equ 0FF8h
    76  0000                     tosl equ 0FFDh
    77  0000                     wreg equ 0FE8h
    78  0000                     
     2                           opt pagewidth 120
     3  0000                     byte0	macro	val
     4                           	(getbyte(val,0))
     5                           endm
     6  0000                     byte1	macro	val
     7                           	(getbyte(val,1))
     8                           endm
     9  0000                     byte2	macro	val
    10                           	(getbyte(val,2))
    11                           endm
    12  0000                     byte3	macro	val
    13                           	(getbyte(val,3))
    14                           endm
    15  0000                     byte4	macro	val
    16                           	(getbyte(val,4))
    17                           endm
    18  0000                     byte5	macro	val
    19                           	(getbyte(val,5))
    20                           endm
    21  0000                     byte6	macro	val
    22                           	(getbyte(val,6))
    23                           endm
    24  0000                     byte7	macro	val
    25                           	(getbyte(val,7))
    26                           endm
    27  0000                     getword	macro	val,pos
    28                           	(((val) >> (8 * pos)) and 0xffff)
    29                           endm
    30  0000                     word0	macro	val
    31                           	(getword(val,0))
    32                           endm
    33  0000                     word1	macro	val
    34                           	(getword(val,2))
    35                           endm
    36  0000                     word2	macro	val
    37                           	(getword(val,4))
    38                           endm
    39  0000                     word3	macro	val
    40                           	(getword(val,6))
    41                           endm
    42  0000                     gettword	macro	val,pos
    43                           	(((val) >> (8 * pos)) and 0xffffff)
    44                           endm
    45  0000                     tword0	macro	val
    46                           	(gettword(val,0))
    47                           endm
    48  0000                     tword1	macro	val
    49                           	(gettword(val,3))
    50                           endm
    51  0000                     tword2	macro	val
    52                           	(gettword(val,6))
    53                           endm
    54  0000                     getdword	macro	val,pos
    55                           	(((val) >> (8 * pos)) and 0xffffffff)
    56                           endm
    57  0000                     dword0	macro	val
    58                           	(getdword(val,0))
    59                           endm
    60  0000                     dword1	macro	val
    61                           	(getdword(val,4))
    62                           endm
    63  0000                     clrc   macro
    64                           	bcf	status,0
    65                           endm
    66  0000                     setc   macro
    67                           	bsf	status,0
    68                           endm
    69  0000                     clrz   macro
    70                           	bcf	status,2
    71                           endm
    72  0000                     setz   macro
    73                           	bsf	status,2
    74                           endm
    75  0000                     skipnz macro
    76                           	btfsc	status,2
    77                           endm
    78  0000                     skipz  macro
    79                           	btfss	status,2
    80                           endm
    81  0000                     skipnc macro
    82                           	btfsc	status,0
    83                           endm
    84  0000                     skipc  macro
    85                           	btfss	status,0
    86                           endm
    87  0000                     pushw macro
    88                           	movwf postinc1
    89                           endm
    90  0000                     pushf macro arg1
    91                           	movff arg1, postinc1
    92                           endm
    93  0000                     popw macro
    94                           	movf postdec1,f
    95                           	movf indf1,w
    96                           endm
    97  0000                     popf macro arg1
    98                           	movf postdec1,f
    99                           	movff indf1,arg1
   100                           endm
   101  0000                     popfc macro arg1
   102                           	movff plusw1,arg1
   103                           	decfsz fsr1,f
   104                           endm
   105  0000                     	global	__ramtop
   106                           	global	__accesstop
   107                           # 54 "C:\Program Files (x86)\Microchip\xc8\v2.00\pic\include\pic18f44k22.h"
   108                           ANSELA equ 0F38h ;# 
   109  0000                     # 99 "C:\Program Files (x86)\Microchip\xc8\v2.00\pic\include\pic18f44k22.h"
   110                           ANSELB equ 0F39h ;# 
   111  0000                     # 149 "C:\Program Files (x86)\Microchip\xc8\v2.00\pic\include\pic18f44k22.h"
   112                           ANSELC equ 0F3Ah ;# 
   113  0000                     # 200 "C:\Program Files (x86)\Microchip\xc8\v2.00\pic\include\pic18f44k22.h"
   114                           ANSELD equ 0F3Bh ;# 
   115  0000                     # 262 "C:\Program Files (x86)\Microchip\xc8\v2.00\pic\include\pic18f44k22.h"
   116                           ANSELE equ 0F3Ch ;# 
   117  0000                     # 294 "C:\Program Files (x86)\Microchip\xc8\v2.00\pic\include\pic18f44k22.h"
   118                           PMD2 equ 0F3Dh ;# 
   119  0000                     # 332 "C:\Program Files (x86)\Microchip\xc8\v2.00\pic\include\pic18f44k22.h"
   120                           PMD1 equ 0F3Eh ;# 
   121  0000                     # 397 "C:\Program Files (x86)\Microchip\xc8\v2.00\pic\include\pic18f44k22.h"
   122                           PMD0 equ 0F3Fh ;# 
   123  0000                     # 474 "C:\Program Files (x86)\Microchip\xc8\v2.00\pic\include\pic18f44k22.h"
   124                           VREFCON2 equ 0F40h ;# 
   125  0000                     # 479 "C:\Program Files (x86)\Microchip\xc8\v2.00\pic\include\pic18f44k22.h"
   126                           DACCON1 equ 0F40h ;# 
   127  0000                     # 576 "C:\Program Files (x86)\Microchip\xc8\v2.00\pic\include\pic18f44k22.h"
   128                           VREFCON1 equ 0F41h ;# 
   129  0000                     # 581 "C:\Program Files (x86)\Microchip\xc8\v2.00\pic\include\pic18f44k22.h"
   130                           DACCON0 equ 0F41h ;# 
   131  0000                     # 696 "C:\Program Files (x86)\Microchip\xc8\v2.00\pic\include\pic18f44k22.h"
   132                           VREFCON0 equ 0F42h ;# 
   133  0000                     # 701 "C:\Program Files (x86)\Microchip\xc8\v2.00\pic\include\pic18f44k22.h"
   134                           FVRCON equ 0F42h ;# 
   135  0000                     # 790 "C:\Program Files (x86)\Microchip\xc8\v2.00\pic\include\pic18f44k22.h"
   136                           CTMUICON equ 0F43h ;# 
   137  0000                     # 795 "C:\Program Files (x86)\Microchip\xc8\v2.00\pic\include\pic18f44k22.h"
   138                           CTMUICONH equ 0F43h ;# 
   139  0000                     # 940 "C:\Program Files (x86)\Microchip\xc8\v2.00\pic\include\pic18f44k22.h"
   140                           CTMUCONL equ 0F44h ;# 
   141  0000                     # 945 "C:\Program Files (x86)\Microchip\xc8\v2.00\pic\include\pic18f44k22.h"
   142                           CTMUCON1 equ 0F44h ;# 
   143  0000                     # 1094 "C:\Program Files (x86)\Microchip\xc8\v2.00\pic\include\pic18f44k22.h"
   144                           CTMUCONH equ 0F45h ;# 
   145  0000                     # 1099 "C:\Program Files (x86)\Microchip\xc8\v2.00\pic\include\pic18f44k22.h"
   146                           CTMUCON0 equ 0F45h ;# 
   147  0000                     # 1206 "C:\Program Files (x86)\Microchip\xc8\v2.00\pic\include\pic18f44k22.h"
   148                           SRCON1 equ 0F46h ;# 
   149  0000                     # 1268 "C:\Program Files (x86)\Microchip\xc8\v2.00\pic\include\pic18f44k22.h"
   150                           SRCON0 equ 0F47h ;# 
   151  0000                     # 1339 "C:\Program Files (x86)\Microchip\xc8\v2.00\pic\include\pic18f44k22.h"
   152                           CCPTMRS1 equ 0F48h ;# 
   153  0000                     # 1391 "C:\Program Files (x86)\Microchip\xc8\v2.00\pic\include\pic18f44k22.h"
   154                           CCPTMRS0 equ 0F49h ;# 
   155  0000                     # 1465 "C:\Program Files (x86)\Microchip\xc8\v2.00\pic\include\pic18f44k22.h"
   156                           T6CON equ 0F4Ah ;# 
   157  0000                     # 1536 "C:\Program Files (x86)\Microchip\xc8\v2.00\pic\include\pic18f44k22.h"
   158                           PR6 equ 0F4Bh ;# 
   159  0000                     # 1556 "C:\Program Files (x86)\Microchip\xc8\v2.00\pic\include\pic18f44k22.h"
   160                           TMR6 equ 0F4Ch ;# 
   161  0000                     # 1576 "C:\Program Files (x86)\Microchip\xc8\v2.00\pic\include\pic18f44k22.h"
   162                           T5GCON equ 0F4Dh ;# 
   163  0000                     # 1671 "C:\Program Files (x86)\Microchip\xc8\v2.00\pic\include\pic18f44k22.h"
   164                           T5CON equ 0F4Eh ;# 
   165  0000                     # 1780 "C:\Program Files (x86)\Microchip\xc8\v2.00\pic\include\pic18f44k22.h"
   166                           TMR5 equ 0F4Fh ;# 
   167  0000                     # 1787 "C:\Program Files (x86)\Microchip\xc8\v2.00\pic\include\pic18f44k22.h"
   168                           TMR5L equ 0F4Fh ;# 
   169  0000                     # 1807 "C:\Program Files (x86)\Microchip\xc8\v2.00\pic\include\pic18f44k22.h"
   170                           TMR5H equ 0F50h ;# 
   171  0000                     # 1827 "C:\Program Files (x86)\Microchip\xc8\v2.00\pic\include\pic18f44k22.h"
   172                           T4CON equ 0F51h ;# 
   173  0000                     # 1898 "C:\Program Files (x86)\Microchip\xc8\v2.00\pic\include\pic18f44k22.h"
   174                           PR4 equ 0F52h ;# 
   175  0000                     # 1918 "C:\Program Files (x86)\Microchip\xc8\v2.00\pic\include\pic18f44k22.h"
   176                           TMR4 equ 0F53h ;# 
   177  0000                     # 1938 "C:\Program Files (x86)\Microchip\xc8\v2.00\pic\include\pic18f44k22.h"
   178                           CCP5CON equ 0F54h ;# 
   179  0000                     # 2002 "C:\Program Files (x86)\Microchip\xc8\v2.00\pic\include\pic18f44k22.h"
   180                           CCPR5 equ 0F55h ;# 
   181  0000                     # 2009 "C:\Program Files (x86)\Microchip\xc8\v2.00\pic\include\pic18f44k22.h"
   182                           CCPR5L equ 0F55h ;# 
   183  0000                     # 2029 "C:\Program Files (x86)\Microchip\xc8\v2.00\pic\include\pic18f44k22.h"
   184                           CCPR5H equ 0F56h ;# 
   185  0000                     # 2049 "C:\Program Files (x86)\Microchip\xc8\v2.00\pic\include\pic18f44k22.h"
   186                           CCP4CON equ 0F57h ;# 
   187  0000                     # 2113 "C:\Program Files (x86)\Microchip\xc8\v2.00\pic\include\pic18f44k22.h"
   188                           CCPR4 equ 0F58h ;# 
   189  0000                     # 2120 "C:\Program Files (x86)\Microchip\xc8\v2.00\pic\include\pic18f44k22.h"
   190                           CCPR4L equ 0F58h ;# 
   191  0000                     # 2140 "C:\Program Files (x86)\Microchip\xc8\v2.00\pic\include\pic18f44k22.h"
   192                           CCPR4H equ 0F59h ;# 
   193  0000                     # 2160 "C:\Program Files (x86)\Microchip\xc8\v2.00\pic\include\pic18f44k22.h"
   194                           PSTR3CON equ 0F5Ah ;# 
   195  0000                     # 2236 "C:\Program Files (x86)\Microchip\xc8\v2.00\pic\include\pic18f44k22.h"
   196                           ECCP3AS equ 0F5Bh ;# 
   197  0000                     # 2241 "C:\Program Files (x86)\Microchip\xc8\v2.00\pic\include\pic18f44k22.h"
   198                           CCP3AS equ 0F5Bh ;# 
   199  0000                     # 2478 "C:\Program Files (x86)\Microchip\xc8\v2.00\pic\include\pic18f44k22.h"
   200                           PWM3CON equ 0F5Ch ;# 
   201  0000                     # 2548 "C:\Program Files (x86)\Microchip\xc8\v2.00\pic\include\pic18f44k22.h"
   202                           CCP3CON equ 0F5Dh ;# 
   203  0000                     # 2630 "C:\Program Files (x86)\Microchip\xc8\v2.00\pic\include\pic18f44k22.h"
   204                           CCPR3 equ 0F5Eh ;# 
   205  0000                     # 2637 "C:\Program Files (x86)\Microchip\xc8\v2.00\pic\include\pic18f44k22.h"
   206                           CCPR3L equ 0F5Eh ;# 
   207  0000                     # 2657 "C:\Program Files (x86)\Microchip\xc8\v2.00\pic\include\pic18f44k22.h"
   208                           CCPR3H equ 0F5Fh ;# 
   209  0000                     # 2677 "C:\Program Files (x86)\Microchip\xc8\v2.00\pic\include\pic18f44k22.h"
   210                           SLRCON equ 0F60h ;# 
   211  0000                     # 2721 "C:\Program Files (x86)\Microchip\xc8\v2.00\pic\include\pic18f44k22.h"
   212                           WPUB equ 0F61h ;# 
   213  0000                     # 2783 "C:\Program Files (x86)\Microchip\xc8\v2.00\pic\include\pic18f44k22.h"
   214                           IOCB equ 0F62h ;# 
   215  0000                     # 2822 "C:\Program Files (x86)\Microchip\xc8\v2.00\pic\include\pic18f44k22.h"
   216                           PSTR2CON equ 0F63h ;# 
   217  0000                     # 2962 "C:\Program Files (x86)\Microchip\xc8\v2.00\pic\include\pic18f44k22.h"
   218                           ECCP2AS equ 0F64h ;# 
   219  0000                     # 2967 "C:\Program Files (x86)\Microchip\xc8\v2.00\pic\include\pic18f44k22.h"
   220                           CCP2AS equ 0F64h ;# 
   221  0000                     # 3204 "C:\Program Files (x86)\Microchip\xc8\v2.00\pic\include\pic18f44k22.h"
   222                           PWM2CON equ 0F65h ;# 
   223  0000                     # 3274 "C:\Program Files (x86)\Microchip\xc8\v2.00\pic\include\pic18f44k22.h"
   224                           CCP2CON equ 0F66h ;# 
   225  0000                     # 3356 "C:\Program Files (x86)\Microchip\xc8\v2.00\pic\include\pic18f44k22.h"
   226                           CCPR2 equ 0F67h ;# 
   227  0000                     # 3363 "C:\Program Files (x86)\Microchip\xc8\v2.00\pic\include\pic18f44k22.h"
   228                           CCPR2L equ 0F67h ;# 
   229  0000                     # 3383 "C:\Program Files (x86)\Microchip\xc8\v2.00\pic\include\pic18f44k22.h"
   230                           CCPR2H equ 0F68h ;# 
   231  0000                     # 3403 "C:\Program Files (x86)\Microchip\xc8\v2.00\pic\include\pic18f44k22.h"
   232                           SSP2CON3 equ 0F69h ;# 
   233  0000                     # 3465 "C:\Program Files (x86)\Microchip\xc8\v2.00\pic\include\pic18f44k22.h"
   234                           SSP2MSK equ 0F6Ah ;# 
   235  0000                     # 3535 "C:\Program Files (x86)\Microchip\xc8\v2.00\pic\include\pic18f44k22.h"
   236                           SSP2CON2 equ 0F6Bh ;# 
   237  0000                     # 3680 "C:\Program Files (x86)\Microchip\xc8\v2.00\pic\include\pic18f44k22.h"
   238                           SSP2CON1 equ 0F6Ch ;# 
   239  0000                     # 3800 "C:\Program Files (x86)\Microchip\xc8\v2.00\pic\include\pic18f44k22.h"
   240                           SSP2STAT equ 0F6Dh ;# 
   241  0000                     # 4200 "C:\Program Files (x86)\Microchip\xc8\v2.00\pic\include\pic18f44k22.h"
   242                           SSP2ADD equ 0F6Eh ;# 
   243  0000                     # 4270 "C:\Program Files (x86)\Microchip\xc8\v2.00\pic\include\pic18f44k22.h"
   244                           SSP2BUF equ 0F6Fh ;# 
   245  0000                     # 4290 "C:\Program Files (x86)\Microchip\xc8\v2.00\pic\include\pic18f44k22.h"
   246                           BAUDCON2 equ 0F70h ;# 
   247  0000                     # 4295 "C:\Program Files (x86)\Microchip\xc8\v2.00\pic\include\pic18f44k22.h"
   248                           BAUD2CON equ 0F70h ;# 
   249  0000                     # 4552 "C:\Program Files (x86)\Microchip\xc8\v2.00\pic\include\pic18f44k22.h"
   250                           RCSTA2 equ 0F71h ;# 
   251  0000                     # 4557 "C:\Program Files (x86)\Microchip\xc8\v2.00\pic\include\pic18f44k22.h"
   252                           RC2STA equ 0F71h ;# 
   253  0000                     # 4840 "C:\Program Files (x86)\Microchip\xc8\v2.00\pic\include\pic18f44k22.h"
   254                           TXSTA2 equ 0F72h ;# 
   255  0000                     # 4845 "C:\Program Files (x86)\Microchip\xc8\v2.00\pic\include\pic18f44k22.h"
   256                           TX2STA equ 0F72h ;# 
   257  0000                     # 5092 "C:\Program Files (x86)\Microchip\xc8\v2.00\pic\include\pic18f44k22.h"
   258                           TXREG2 equ 0F73h ;# 
   259  0000                     # 5097 "C:\Program Files (x86)\Microchip\xc8\v2.00\pic\include\pic18f44k22.h"
   260                           TX2REG equ 0F73h ;# 
   261  0000                     # 5130 "C:\Program Files (x86)\Microchip\xc8\v2.00\pic\include\pic18f44k22.h"
   262                           RCREG2 equ 0F74h ;# 
   263  0000                     # 5135 "C:\Program Files (x86)\Microchip\xc8\v2.00\pic\include\pic18f44k22.h"
   264                           RC2REG equ 0F74h ;# 
   265  0000                     # 5168 "C:\Program Files (x86)\Microchip\xc8\v2.00\pic\include\pic18f44k22.h"
   266                           SPBRG2 equ 0F75h ;# 
   267  0000                     # 5173 "C:\Program Files (x86)\Microchip\xc8\v2.00\pic\include\pic18f44k22.h"
   268                           SP2BRG equ 0F75h ;# 
   269  0000                     # 5206 "C:\Program Files (x86)\Microchip\xc8\v2.00\pic\include\pic18f44k22.h"
   270                           SPBRGH2 equ 0F76h ;# 
   271  0000                     # 5211 "C:\Program Files (x86)\Microchip\xc8\v2.00\pic\include\pic18f44k22.h"
   272                           SP2BRGH equ 0F76h ;# 
   273  0000                     # 5244 "C:\Program Files (x86)\Microchip\xc8\v2.00\pic\include\pic18f44k22.h"
   274                           CM2CON1 equ 0F77h ;# 
   275  0000                     # 5249 "C:\Program Files (x86)\Microchip\xc8\v2.00\pic\include\pic18f44k22.h"
   276                           CM12CON equ 0F77h ;# 
   277  0000                     # 5366 "C:\Program Files (x86)\Microchip\xc8\v2.00\pic\include\pic18f44k22.h"
   278                           CM2CON0 equ 0F78h ;# 
   279  0000                     # 5371 "C:\Program Files (x86)\Microchip\xc8\v2.00\pic\include\pic18f44k22.h"
   280                           CM2CON equ 0F78h ;# 
   281  0000                     # 5646 "C:\Program Files (x86)\Microchip\xc8\v2.00\pic\include\pic18f44k22.h"
   282                           CM1CON0 equ 0F79h ;# 
   283  0000                     # 5651 "C:\Program Files (x86)\Microchip\xc8\v2.00\pic\include\pic18f44k22.h"
   284                           CM1CON equ 0F79h ;# 
   285  0000                     # 6068 "C:\Program Files (x86)\Microchip\xc8\v2.00\pic\include\pic18f44k22.h"
   286                           PIE4 equ 0F7Ah ;# 
   287  0000                     # 6100 "C:\Program Files (x86)\Microchip\xc8\v2.00\pic\include\pic18f44k22.h"
   288                           PIR4 equ 0F7Bh ;# 
   289  0000                     # 6132 "C:\Program Files (x86)\Microchip\xc8\v2.00\pic\include\pic18f44k22.h"
   290                           IPR4 equ 0F7Ch ;# 
   291  0000                     # 6172 "C:\Program Files (x86)\Microchip\xc8\v2.00\pic\include\pic18f44k22.h"
   292                           PIE5 equ 0F7Dh ;# 
   293  0000                     # 6204 "C:\Program Files (x86)\Microchip\xc8\v2.00\pic\include\pic18f44k22.h"
   294                           PIR5 equ 0F7Eh ;# 
   295  0000                     # 6236 "C:\Program Files (x86)\Microchip\xc8\v2.00\pic\include\pic18f44k22.h"
   296                           IPR5 equ 0F7Fh ;# 
   297  0000                     # 6282 "C:\Program Files (x86)\Microchip\xc8\v2.00\pic\include\pic18f44k22.h"
   298                           PORTA equ 0F80h ;# 
   299  0000                     # 6567 "C:\Program Files (x86)\Microchip\xc8\v2.00\pic\include\pic18f44k22.h"
   300                           PORTB equ 0F81h ;# 
   301  0000                     # 6837 "C:\Program Files (x86)\Microchip\xc8\v2.00\pic\include\pic18f44k22.h"
   302                           PORTC equ 0F82h ;# 
   303  0000                     # 7144 "C:\Program Files (x86)\Microchip\xc8\v2.00\pic\include\pic18f44k22.h"
   304                           PORTD equ 0F83h ;# 
   305  0000                     # 7387 "C:\Program Files (x86)\Microchip\xc8\v2.00\pic\include\pic18f44k22.h"
   306                           PORTE equ 0F84h ;# 
   307  0000                     # 7562 "C:\Program Files (x86)\Microchip\xc8\v2.00\pic\include\pic18f44k22.h"
   308                           LATA equ 0F89h ;# 
   309  0000                     # 7674 "C:\Program Files (x86)\Microchip\xc8\v2.00\pic\include\pic18f44k22.h"
   310                           LATB equ 0F8Ah ;# 
   311  0000                     # 7786 "C:\Program Files (x86)\Microchip\xc8\v2.00\pic\include\pic18f44k22.h"
   312                           LATC equ 0F8Bh ;# 
   313  0000                     # 7898 "C:\Program Files (x86)\Microchip\xc8\v2.00\pic\include\pic18f44k22.h"
   314                           LATD equ 0F8Ch ;# 
   315  0000                     # 8010 "C:\Program Files (x86)\Microchip\xc8\v2.00\pic\include\pic18f44k22.h"
   316                           LATE equ 0F8Dh ;# 
   317  0000                     # 8062 "C:\Program Files (x86)\Microchip\xc8\v2.00\pic\include\pic18f44k22.h"
   318                           TRISA equ 0F92h ;# 
   319  0000                     # 8067 "C:\Program Files (x86)\Microchip\xc8\v2.00\pic\include\pic18f44k22.h"
   320                           DDRA equ 0F92h ;# 
   321  0000                     # 8284 "C:\Program Files (x86)\Microchip\xc8\v2.00\pic\include\pic18f44k22.h"
   322                           TRISB equ 0F93h ;# 
   323  0000                     # 8289 "C:\Program Files (x86)\Microchip\xc8\v2.00\pic\include\pic18f44k22.h"
   324                           DDRB equ 0F93h ;# 
   325  0000                     # 8506 "C:\Program Files (x86)\Microchip\xc8\v2.00\pic\include\pic18f44k22.h"
   326                           TRISC equ 0F94h ;# 
   327  0000                     # 8511 "C:\Program Files (x86)\Microchip\xc8\v2.00\pic\include\pic18f44k22.h"
   328                           DDRC equ 0F94h ;# 
   329  0000                     # 8728 "C:\Program Files (x86)\Microchip\xc8\v2.00\pic\include\pic18f44k22.h"
   330                           TRISD equ 0F95h ;# 
   331  0000                     # 8733 "C:\Program Files (x86)\Microchip\xc8\v2.00\pic\include\pic18f44k22.h"
   332                           DDRD equ 0F95h ;# 
   333  0000                     # 8950 "C:\Program Files (x86)\Microchip\xc8\v2.00\pic\include\pic18f44k22.h"
   334                           TRISE equ 0F96h ;# 
   335  0000                     # 8955 "C:\Program Files (x86)\Microchip\xc8\v2.00\pic\include\pic18f44k22.h"
   336                           DDRE equ 0F96h ;# 
   337  0000                     # 9066 "C:\Program Files (x86)\Microchip\xc8\v2.00\pic\include\pic18f44k22.h"
   338                           OSCTUNE equ 0F9Bh ;# 
   339  0000                     # 9136 "C:\Program Files (x86)\Microchip\xc8\v2.00\pic\include\pic18f44k22.h"
   340                           HLVDCON equ 0F9Ch ;# 
   341  0000                     # 9141 "C:\Program Files (x86)\Microchip\xc8\v2.00\pic\include\pic18f44k22.h"
   342                           LVDCON equ 0F9Ch ;# 
   343  0000                     # 9416 "C:\Program Files (x86)\Microchip\xc8\v2.00\pic\include\pic18f44k22.h"
   344                           PIE1 equ 0F9Dh ;# 
   345  0000                     # 9493 "C:\Program Files (x86)\Microchip\xc8\v2.00\pic\include\pic18f44k22.h"
   346                           PIR1 equ 0F9Eh ;# 
   347  0000                     # 9570 "C:\Program Files (x86)\Microchip\xc8\v2.00\pic\include\pic18f44k22.h"
   348                           IPR1 equ 0F9Fh ;# 
   349  0000                     # 9647 "C:\Program Files (x86)\Microchip\xc8\v2.00\pic\include\pic18f44k22.h"
   350                           PIE2 equ 0FA0h ;# 
   351  0000                     # 9733 "C:\Program Files (x86)\Microchip\xc8\v2.00\pic\include\pic18f44k22.h"
   352                           PIR2 equ 0FA1h ;# 
   353  0000                     # 9819 "C:\Program Files (x86)\Microchip\xc8\v2.00\pic\include\pic18f44k22.h"
   354                           IPR2 equ 0FA2h ;# 
   355  0000                     # 9905 "C:\Program Files (x86)\Microchip\xc8\v2.00\pic\include\pic18f44k22.h"
   356                           PIE3 equ 0FA3h ;# 
   357  0000                     # 10015 "C:\Program Files (x86)\Microchip\xc8\v2.00\pic\include\pic18f44k22.h"
   358                           PIR3 equ 0FA4h ;# 
   359  0000                     # 10093 "C:\Program Files (x86)\Microchip\xc8\v2.00\pic\include\pic18f44k22.h"
   360                           IPR3 equ 0FA5h ;# 
   361  0000                     # 10171 "C:\Program Files (x86)\Microchip\xc8\v2.00\pic\include\pic18f44k22.h"
   362                           EECON1 equ 0FA6h ;# 
   363  0000                     # 10237 "C:\Program Files (x86)\Microchip\xc8\v2.00\pic\include\pic18f44k22.h"
   364                           EECON2 equ 0FA7h ;# 
   365  0000                     # 10257 "C:\Program Files (x86)\Microchip\xc8\v2.00\pic\include\pic18f44k22.h"
   366                           EEDATA equ 0FA8h ;# 
   367  0000                     # 10277 "C:\Program Files (x86)\Microchip\xc8\v2.00\pic\include\pic18f44k22.h"
   368                           EEADR equ 0FA9h ;# 
   369  0000                     # 10347 "C:\Program Files (x86)\Microchip\xc8\v2.00\pic\include\pic18f44k22.h"
   370                           RCSTA1 equ 0FABh ;# 
   371  0000                     # 10352 "C:\Program Files (x86)\Microchip\xc8\v2.00\pic\include\pic18f44k22.h"
   372                           RCSTA equ 0FABh ;# 
   373  0000                     # 10356 "C:\Program Files (x86)\Microchip\xc8\v2.00\pic\include\pic18f44k22.h"
   374                           RC1STA equ 0FABh ;# 
   375  0000                     # 10803 "C:\Program Files (x86)\Microchip\xc8\v2.00\pic\include\pic18f44k22.h"
   376                           TXSTA1 equ 0FACh ;# 
   377  0000                     # 10808 "C:\Program Files (x86)\Microchip\xc8\v2.00\pic\include\pic18f44k22.h"
   378                           TXSTA equ 0FACh ;# 
   379  0000                     # 10812 "C:\Program Files (x86)\Microchip\xc8\v2.00\pic\include\pic18f44k22.h"
   380                           TX1STA equ 0FACh ;# 
   381  0000                     # 11178 "C:\Program Files (x86)\Microchip\xc8\v2.00\pic\include\pic18f44k22.h"
   382                           TXREG1 equ 0FADh ;# 
   383  0000                     # 11183 "C:\Program Files (x86)\Microchip\xc8\v2.00\pic\include\pic18f44k22.h"
   384                           TXREG equ 0FADh ;# 
   385  0000                     # 11187 "C:\Program Files (x86)\Microchip\xc8\v2.00\pic\include\pic18f44k22.h"
   386                           TX1REG equ 0FADh ;# 
   387  0000                     # 11256 "C:\Program Files (x86)\Microchip\xc8\v2.00\pic\include\pic18f44k22.h"
   388                           RCREG1 equ 0FAEh ;# 
   389  0000                     # 11261 "C:\Program Files (x86)\Microchip\xc8\v2.00\pic\include\pic18f44k22.h"
   390                           RCREG equ 0FAEh ;# 
   391  0000                     # 11265 "C:\Program Files (x86)\Microchip\xc8\v2.00\pic\include\pic18f44k22.h"
   392                           RC1REG equ 0FAEh ;# 
   393  0000                     # 11334 "C:\Program Files (x86)\Microchip\xc8\v2.00\pic\include\pic18f44k22.h"
   394                           SPBRG1 equ 0FAFh ;# 
   395  0000                     # 11339 "C:\Program Files (x86)\Microchip\xc8\v2.00\pic\include\pic18f44k22.h"
   396                           SPBRG equ 0FAFh ;# 
   397  0000                     # 11343 "C:\Program Files (x86)\Microchip\xc8\v2.00\pic\include\pic18f44k22.h"
   398                           SP1BRG equ 0FAFh ;# 
   399  0000                     # 11412 "C:\Program Files (x86)\Microchip\xc8\v2.00\pic\include\pic18f44k22.h"
   400                           SPBRGH1 equ 0FB0h ;# 
   401  0000                     # 11417 "C:\Program Files (x86)\Microchip\xc8\v2.00\pic\include\pic18f44k22.h"
   402                           SPBRGH equ 0FB0h ;# 
   403  0000                     # 11421 "C:\Program Files (x86)\Microchip\xc8\v2.00\pic\include\pic18f44k22.h"
   404                           SP1BRGH equ 0FB0h ;# 
   405  0000                     # 11490 "C:\Program Files (x86)\Microchip\xc8\v2.00\pic\include\pic18f44k22.h"
   406                           T3CON equ 0FB1h ;# 
   407  0000                     # 11598 "C:\Program Files (x86)\Microchip\xc8\v2.00\pic\include\pic18f44k22.h"
   408                           TMR3 equ 0FB2h ;# 
   409  0000                     # 11605 "C:\Program Files (x86)\Microchip\xc8\v2.00\pic\include\pic18f44k22.h"
   410                           TMR3L equ 0FB2h ;# 
   411  0000                     # 11625 "C:\Program Files (x86)\Microchip\xc8\v2.00\pic\include\pic18f44k22.h"
   412                           TMR3H equ 0FB3h ;# 
   413  0000                     # 11645 "C:\Program Files (x86)\Microchip\xc8\v2.00\pic\include\pic18f44k22.h"
   414                           T3GCON equ 0FB4h ;# 
   415  0000                     # 11740 "C:\Program Files (x86)\Microchip\xc8\v2.00\pic\include\pic18f44k22.h"
   416                           ECCP1AS equ 0FB6h ;# 
   417  0000                     # 11745 "C:\Program Files (x86)\Microchip\xc8\v2.00\pic\include\pic18f44k22.h"
   418                           ECCPAS equ 0FB6h ;# 
   419  0000                     # 12122 "C:\Program Files (x86)\Microchip\xc8\v2.00\pic\include\pic18f44k22.h"
   420                           PWM1CON equ 0FB7h ;# 
   421  0000                     # 12127 "C:\Program Files (x86)\Microchip\xc8\v2.00\pic\include\pic18f44k22.h"
   422                           PWMCON equ 0FB7h ;# 
   423  0000                     # 12376 "C:\Program Files (x86)\Microchip\xc8\v2.00\pic\include\pic18f44k22.h"
   424                           BAUDCON1 equ 0FB8h ;# 
   425  0000                     # 12381 "C:\Program Files (x86)\Microchip\xc8\v2.00\pic\include\pic18f44k22.h"
   426                           BAUDCON equ 0FB8h ;# 
   427  0000                     # 12385 "C:\Program Files (x86)\Microchip\xc8\v2.00\pic\include\pic18f44k22.h"
   428                           BAUDCTL equ 0FB8h ;# 
   429  0000                     # 12389 "C:\Program Files (x86)\Microchip\xc8\v2.00\pic\include\pic18f44k22.h"
   430                           BAUD1CON equ 0FB8h ;# 
   431  0000                     # 13050 "C:\Program Files (x86)\Microchip\xc8\v2.00\pic\include\pic18f44k22.h"
   432                           PSTR1CON equ 0FB9h ;# 
   433  0000                     # 13055 "C:\Program Files (x86)\Microchip\xc8\v2.00\pic\include\pic18f44k22.h"
   434                           PSTRCON equ 0FB9h ;# 
   435  0000                     # 13200 "C:\Program Files (x86)\Microchip\xc8\v2.00\pic\include\pic18f44k22.h"
   436                           T2CON equ 0FBAh ;# 
   437  0000                     # 13271 "C:\Program Files (x86)\Microchip\xc8\v2.00\pic\include\pic18f44k22.h"
   438                           PR2 equ 0FBBh ;# 
   439  0000                     # 13291 "C:\Program Files (x86)\Microchip\xc8\v2.00\pic\include\pic18f44k22.h"
   440                           TMR2 equ 0FBCh ;# 
   441  0000                     # 13311 "C:\Program Files (x86)\Microchip\xc8\v2.00\pic\include\pic18f44k22.h"
   442                           CCP1CON equ 0FBDh ;# 
   443  0000                     # 13393 "C:\Program Files (x86)\Microchip\xc8\v2.00\pic\include\pic18f44k22.h"
   444                           CCPR1 equ 0FBEh ;# 
   445  0000                     # 13400 "C:\Program Files (x86)\Microchip\xc8\v2.00\pic\include\pic18f44k22.h"
   446                           CCPR1L equ 0FBEh ;# 
   447  0000                     # 13420 "C:\Program Files (x86)\Microchip\xc8\v2.00\pic\include\pic18f44k22.h"
   448                           CCPR1H equ 0FBFh ;# 
   449  0000                     # 13440 "C:\Program Files (x86)\Microchip\xc8\v2.00\pic\include\pic18f44k22.h"
   450                           ADCON2 equ 0FC0h ;# 
   451  0000                     # 13511 "C:\Program Files (x86)\Microchip\xc8\v2.00\pic\include\pic18f44k22.h"
   452                           ADCON1 equ 0FC1h ;# 
   453  0000                     # 13579 "C:\Program Files (x86)\Microchip\xc8\v2.00\pic\include\pic18f44k22.h"
   454                           ADCON0 equ 0FC2h ;# 
   455  0000                     # 13704 "C:\Program Files (x86)\Microchip\xc8\v2.00\pic\include\pic18f44k22.h"
   456                           ADRES equ 0FC3h ;# 
   457  0000                     # 13711 "C:\Program Files (x86)\Microchip\xc8\v2.00\pic\include\pic18f44k22.h"
   458                           ADRESL equ 0FC3h ;# 
   459  0000                     # 13731 "C:\Program Files (x86)\Microchip\xc8\v2.00\pic\include\pic18f44k22.h"
   460                           ADRESH equ 0FC4h ;# 
   461  0000                     # 13751 "C:\Program Files (x86)\Microchip\xc8\v2.00\pic\include\pic18f44k22.h"
   462                           SSP1CON2 equ 0FC5h ;# 
   463  0000                     # 13756 "C:\Program Files (x86)\Microchip\xc8\v2.00\pic\include\pic18f44k22.h"
   464                           SSPCON2 equ 0FC5h ;# 
   465  0000                     # 14105 "C:\Program Files (x86)\Microchip\xc8\v2.00\pic\include\pic18f44k22.h"
   466                           SSP1CON1 equ 0FC6h ;# 
   467  0000                     # 14110 "C:\Program Files (x86)\Microchip\xc8\v2.00\pic\include\pic18f44k22.h"
   468                           SSPCON1 equ 0FC6h ;# 
   469  0000                     # 14343 "C:\Program Files (x86)\Microchip\xc8\v2.00\pic\include\pic18f44k22.h"
   470                           SSP1STAT equ 0FC7h ;# 
   471  0000                     # 14348 "C:\Program Files (x86)\Microchip\xc8\v2.00\pic\include\pic18f44k22.h"
   472                           SSPSTAT equ 0FC7h ;# 
   473  0000                     # 14973 "C:\Program Files (x86)\Microchip\xc8\v2.00\pic\include\pic18f44k22.h"
   474                           SSP1ADD equ 0FC8h ;# 
   475  0000                     # 14978 "C:\Program Files (x86)\Microchip\xc8\v2.00\pic\include\pic18f44k22.h"
   476                           SSPADD equ 0FC8h ;# 
   477  0000                     # 15227 "C:\Program Files (x86)\Microchip\xc8\v2.00\pic\include\pic18f44k22.h"
   478                           SSP1BUF equ 0FC9h ;# 
   479  0000                     # 15232 "C:\Program Files (x86)\Microchip\xc8\v2.00\pic\include\pic18f44k22.h"
   480                           SSPBUF equ 0FC9h ;# 
   481  0000                     # 15281 "C:\Program Files (x86)\Microchip\xc8\v2.00\pic\include\pic18f44k22.h"
   482                           SSP1MSK equ 0FCAh ;# 
   483  0000                     # 15286 "C:\Program Files (x86)\Microchip\xc8\v2.00\pic\include\pic18f44k22.h"
   484                           SSPMSK equ 0FCAh ;# 
   485  0000                     # 15419 "C:\Program Files (x86)\Microchip\xc8\v2.00\pic\include\pic18f44k22.h"
   486                           SSP1CON3 equ 0FCBh ;# 
   487  0000                     # 15424 "C:\Program Files (x86)\Microchip\xc8\v2.00\pic\include\pic18f44k22.h"
   488                           SSPCON3 equ 0FCBh ;# 
   489  0000                     # 15541 "C:\Program Files (x86)\Microchip\xc8\v2.00\pic\include\pic18f44k22.h"
   490                           T1GCON equ 0FCCh ;# 
   491  0000                     # 15636 "C:\Program Files (x86)\Microchip\xc8\v2.00\pic\include\pic18f44k22.h"
   492                           T1CON equ 0FCDh ;# 
   493  0000                     # 15749 "C:\Program Files (x86)\Microchip\xc8\v2.00\pic\include\pic18f44k22.h"
   494                           TMR1 equ 0FCEh ;# 
   495  0000                     # 15756 "C:\Program Files (x86)\Microchip\xc8\v2.00\pic\include\pic18f44k22.h"
   496                           TMR1L equ 0FCEh ;# 
   497  0000                     # 15776 "C:\Program Files (x86)\Microchip\xc8\v2.00\pic\include\pic18f44k22.h"
   498                           TMR1H equ 0FCFh ;# 
   499  0000                     # 15796 "C:\Program Files (x86)\Microchip\xc8\v2.00\pic\include\pic18f44k22.h"
   500                           RCON equ 0FD0h ;# 
   501  0000                     # 15929 "C:\Program Files (x86)\Microchip\xc8\v2.00\pic\include\pic18f44k22.h"
   502                           WDTCON equ 0FD1h ;# 
   503  0000                     # 15957 "C:\Program Files (x86)\Microchip\xc8\v2.00\pic\include\pic18f44k22.h"
   504                           OSCCON2 equ 0FD2h ;# 
   505  0000                     # 16014 "C:\Program Files (x86)\Microchip\xc8\v2.00\pic\include\pic18f44k22.h"
   506                           OSCCON equ 0FD3h ;# 
   507  0000                     # 16097 "C:\Program Files (x86)\Microchip\xc8\v2.00\pic\include\pic18f44k22.h"
   508                           T0CON equ 0FD5h ;# 
   509  0000                     # 16167 "C:\Program Files (x86)\Microchip\xc8\v2.00\pic\include\pic18f44k22.h"
   510                           TMR0 equ 0FD6h ;# 
   511  0000                     # 16174 "C:\Program Files (x86)\Microchip\xc8\v2.00\pic\include\pic18f44k22.h"
   512                           TMR0L equ 0FD6h ;# 
   513  0000                     # 16194 "C:\Program Files (x86)\Microchip\xc8\v2.00\pic\include\pic18f44k22.h"
   514                           TMR0H equ 0FD7h ;# 
   515  0000                     # 16214 "C:\Program Files (x86)\Microchip\xc8\v2.00\pic\include\pic18f44k22.h"
   516                           STATUS equ 0FD8h ;# 
   517  0000                     # 16285 "C:\Program Files (x86)\Microchip\xc8\v2.00\pic\include\pic18f44k22.h"
   518                           FSR2 equ 0FD9h ;# 
   519  0000                     # 16292 "C:\Program Files (x86)\Microchip\xc8\v2.00\pic\include\pic18f44k22.h"
   520                           FSR2L equ 0FD9h ;# 
   521  0000                     # 16312 "C:\Program Files (x86)\Microchip\xc8\v2.00\pic\include\pic18f44k22.h"
   522                           FSR2H equ 0FDAh ;# 
   523  0000                     # 16319 "C:\Program Files (x86)\Microchip\xc8\v2.00\pic\include\pic18f44k22.h"
   524                           PLUSW2 equ 0FDBh ;# 
   525  0000                     # 16339 "C:\Program Files (x86)\Microchip\xc8\v2.00\pic\include\pic18f44k22.h"
   526                           PREINC2 equ 0FDCh ;# 
   527  0000                     # 16359 "C:\Program Files (x86)\Microchip\xc8\v2.00\pic\include\pic18f44k22.h"
   528                           POSTDEC2 equ 0FDDh ;# 
   529  0000                     # 16379 "C:\Program Files (x86)\Microchip\xc8\v2.00\pic\include\pic18f44k22.h"
   530                           POSTINC2 equ 0FDEh ;# 
   531  0000                     # 16399 "C:\Program Files (x86)\Microchip\xc8\v2.00\pic\include\pic18f44k22.h"
   532                           INDF2 equ 0FDFh ;# 
   533  0000                     # 16419 "C:\Program Files (x86)\Microchip\xc8\v2.00\pic\include\pic18f44k22.h"
   534                           BSR equ 0FE0h ;# 
   535  0000                     # 16426 "C:\Program Files (x86)\Microchip\xc8\v2.00\pic\include\pic18f44k22.h"
   536                           FSR1 equ 0FE1h ;# 
   537  0000                     # 16433 "C:\Program Files (x86)\Microchip\xc8\v2.00\pic\include\pic18f44k22.h"
   538                           FSR1L equ 0FE1h ;# 
   539  0000                     # 16453 "C:\Program Files (x86)\Microchip\xc8\v2.00\pic\include\pic18f44k22.h"
   540                           FSR1H equ 0FE2h ;# 
   541  0000                     # 16460 "C:\Program Files (x86)\Microchip\xc8\v2.00\pic\include\pic18f44k22.h"
   542                           PLUSW1 equ 0FE3h ;# 
   543  0000                     # 16480 "C:\Program Files (x86)\Microchip\xc8\v2.00\pic\include\pic18f44k22.h"
   544                           PREINC1 equ 0FE4h ;# 
   545  0000                     # 16500 "C:\Program Files (x86)\Microchip\xc8\v2.00\pic\include\pic18f44k22.h"
   546                           POSTDEC1 equ 0FE5h ;# 
   547  0000                     # 16520 "C:\Program Files (x86)\Microchip\xc8\v2.00\pic\include\pic18f44k22.h"
   548                           POSTINC1 equ 0FE6h ;# 
   549  0000                     # 16540 "C:\Program Files (x86)\Microchip\xc8\v2.00\pic\include\pic18f44k22.h"
   550                           INDF1 equ 0FE7h ;# 
   551  0000                     # 16560 "C:\Program Files (x86)\Microchip\xc8\v2.00\pic\include\pic18f44k22.h"
   552                           WREG equ 0FE8h ;# 
   553  0000                     # 16598 "C:\Program Files (x86)\Microchip\xc8\v2.00\pic\include\pic18f44k22.h"
   554                           FSR0 equ 0FE9h ;# 
   555  0000                     # 16605 "C:\Program Files (x86)\Microchip\xc8\v2.00\pic\include\pic18f44k22.h"
   556                           FSR0L equ 0FE9h ;# 
   557  0000                     # 16625 "C:\Program Files (x86)\Microchip\xc8\v2.00\pic\include\pic18f44k22.h"
   558                           FSR0H equ 0FEAh ;# 
   559  0000                     # 16632 "C:\Program Files (x86)\Microchip\xc8\v2.00\pic\include\pic18f44k22.h"
   560                           PLUSW0 equ 0FEBh ;# 
   561  0000                     # 16652 "C:\Program Files (x86)\Microchip\xc8\v2.00\pic\include\pic18f44k22.h"
   562                           PREINC0 equ 0FECh ;# 
   563  0000                     # 16672 "C:\Program Files (x86)\Microchip\xc8\v2.00\pic\include\pic18f44k22.h"
   564                           POSTDEC0 equ 0FEDh ;# 
   565  0000                     # 16692 "C:\Program Files (x86)\Microchip\xc8\v2.00\pic\include\pic18f44k22.h"
   566                           POSTINC0 equ 0FEEh ;# 
   567  0000                     # 16712 "C:\Program Files (x86)\Microchip\xc8\v2.00\pic\include\pic18f44k22.h"
   568                           INDF0 equ 0FEFh ;# 
   569  0000                     # 16732 "C:\Program Files (x86)\Microchip\xc8\v2.00\pic\include\pic18f44k22.h"
   570                           INTCON3 equ 0FF0h ;# 
   571  0000                     # 16824 "C:\Program Files (x86)\Microchip\xc8\v2.00\pic\include\pic18f44k22.h"
   572                           INTCON2 equ 0FF1h ;# 
   573  0000                     # 16894 "C:\Program Files (x86)\Microchip\xc8\v2.00\pic\include\pic18f44k22.h"
   574                           INTCON equ 0FF2h ;# 
   575  0000                     # 17011 "C:\Program Files (x86)\Microchip\xc8\v2.00\pic\include\pic18f44k22.h"
   576                           PROD equ 0FF3h ;# 
   577  0000                     # 17018 "C:\Program Files (x86)\Microchip\xc8\v2.00\pic\include\pic18f44k22.h"
   578                           PRODL equ 0FF3h ;# 
   579  0000                     # 17038 "C:\Program Files (x86)\Microchip\xc8\v2.00\pic\include\pic18f44k22.h"
   580                           PRODH equ 0FF4h ;# 
   581  0000                     # 17058 "C:\Program Files (x86)\Microchip\xc8\v2.00\pic\include\pic18f44k22.h"
   582                           TABLAT equ 0FF5h ;# 
   583  0000                     # 17080 "C:\Program Files (x86)\Microchip\xc8\v2.00\pic\include\pic18f44k22.h"
   584                           TBLPTR equ 0FF6h ;# 
   585  0000                     # 17087 "C:\Program Files (x86)\Microchip\xc8\v2.00\pic\include\pic18f44k22.h"
   586                           TBLPTRL equ 0FF6h ;# 
   587  0000                     # 17107 "C:\Program Files (x86)\Microchip\xc8\v2.00\pic\include\pic18f44k22.h"
   588                           TBLPTRH equ 0FF7h ;# 
   589  0000                     # 17127 "C:\Program Files (x86)\Microchip\xc8\v2.00\pic\include\pic18f44k22.h"
   590                           TBLPTRU equ 0FF8h ;# 
   591  0000                     # 17158 "C:\Program Files (x86)\Microchip\xc8\v2.00\pic\include\pic18f44k22.h"
   592                           PCLAT equ 0FF9h ;# 
   593  0000                     # 17165 "C:\Program Files (x86)\Microchip\xc8\v2.00\pic\include\pic18f44k22.h"
   594                           PC equ 0FF9h ;# 
   595  0000                     # 17172 "C:\Program Files (x86)\Microchip\xc8\v2.00\pic\include\pic18f44k22.h"
   596                           PCL equ 0FF9h ;# 
   597  0000                     # 17192 "C:\Program Files (x86)\Microchip\xc8\v2.00\pic\include\pic18f44k22.h"
   598                           PCLATH equ 0FFAh ;# 
   599  0000                     # 17212 "C:\Program Files (x86)\Microchip\xc8\v2.00\pic\include\pic18f44k22.h"
   600                           PCLATU equ 0FFBh ;# 
   601  0000                     # 17219 "C:\Program Files (x86)\Microchip\xc8\v2.00\pic\include\pic18f44k22.h"
   602                           STKPTR equ 0FFCh ;# 
   603  0000                     # 17325 "C:\Program Files (x86)\Microchip\xc8\v2.00\pic\include\pic18f44k22.h"
   604                           TOS equ 0FFDh ;# 
   605  0000                     # 17332 "C:\Program Files (x86)\Microchip\xc8\v2.00\pic\include\pic18f44k22.h"
   606                           TOSL equ 0FFDh ;# 
   607  0000                     # 17352 "C:\Program Files (x86)\Microchip\xc8\v2.00\pic\include\pic18f44k22.h"
   608                           TOSH equ 0FFEh ;# 
   609  0000                     # 17372 "C:\Program Files (x86)\Microchip\xc8\v2.00\pic\include\pic18f44k22.h"
   610                           TOSU equ 0FFFh ;# 
   611  0000                     	FNROOT	_main
   612                           	FNCALL	intlevel2,_MyISR
   613                           	global	intlevel2
   614                           	FNROOT	intlevel2
   615                           	global	_gFlag
   616                           	global	_ANSELBbits
   617                           _ANSELBbits	set	0xF39
   618  0000                     	global	_ANSELDbits
   619                           _ANSELDbits	set	0xF3B
   620  0000                     	global	_INTCON2bits
   621                           _INTCON2bits	set	0xFF1
   622  0000                     	global	_INTCONbits
   623                           _INTCONbits	set	0xFF2
   624  0000                     	global	_LATDbits
   625                           _LATDbits	set	0xF8C
   626  0000                     	global	_TRISBbits
   627                           _TRISBbits	set	0xF93
   628  0000                     	global	_TRISDbits
   629                           _TRISDbits	set	0xF95
   630  0000                     ; #config settings
   631                           global __CFG_FOSC$INTIO67
   632                           __CFG_FOSC$INTIO67 equ 0x0
   633  0000                     global __CFG_PLLCFG$OFF
   634                           __CFG_PLLCFG$OFF equ 0x0
   635  0000                     global __CFG_PRICLKEN$ON
   636                           __CFG_PRICLKEN$ON equ 0x0
   637  0000                     global __CFG_FCMEN$OFF
   638                           __CFG_FCMEN$OFF equ 0x0
   639  0000                     global __CFG_IESO$OFF
   640                           __CFG_IESO$OFF equ 0x0
   641  0000                     global __CFG_PWRTEN$OFF
   642                           __CFG_PWRTEN$OFF equ 0x0
   643  0000                     global __CFG_BOREN$SBORDIS
   644                           __CFG_BOREN$SBORDIS equ 0x0
   645  0000                     global __CFG_BORV$190
   646                           __CFG_BORV$190 equ 0x0
   647  0000                     global __CFG_WDTEN$OFF
   648                           __CFG_WDTEN$OFF equ 0x0
   649  0000                     global __CFG_WDTPS$32768
   650                           __CFG_WDTPS$32768 equ 0x0
   651  0000                     global __CFG_CCP2MX$PORTC1
   652                           __CFG_CCP2MX$PORTC1 equ 0x0
   653  0000                     global __CFG_PBADEN$ON
   654                           __CFG_PBADEN$ON equ 0x0
   655  0000                     global __CFG_CCP3MX$PORTB5
   656                           __CFG_CCP3MX$PORTB5 equ 0x0
   657  0000                     global __CFG_HFOFST$ON
   658                           __CFG_HFOFST$ON equ 0x0
   659  0000                     global __CFG_T3CMX$PORTC0
   660                           __CFG_T3CMX$PORTC0 equ 0x0
   661  0000                     global __CFG_P2BMX$PORTD2
   662                           __CFG_P2BMX$PORTD2 equ 0x0
   663  0000                     global __CFG_MCLRE$EXTMCLR
   664                           __CFG_MCLRE$EXTMCLR equ 0x0
   665  0000                     global __CFG_STVREN$ON
   666                           __CFG_STVREN$ON equ 0x0
   667  0000                     global __CFG_LVP$ON
   668                           __CFG_LVP$ON equ 0x0
   669  0000                     global __CFG_XINST$OFF
   670                           __CFG_XINST$OFF equ 0x0
   671  0000                     global __CFG_CP0$OFF
   672                           __CFG_CP0$OFF equ 0x0
   673  0000                     global __CFG_CP1$OFF
   674                           __CFG_CP1$OFF equ 0x0
   675  0000                     global __CFG_CPB$OFF
   676                           __CFG_CPB$OFF equ 0x0
   677  0000                     global __CFG_CPD$OFF
   678                           __CFG_CPD$OFF equ 0x0
   679  0000                     global __CFG_WRT0$OFF
   680                           __CFG_WRT0$OFF equ 0x0
   681  0000                     global __CFG_WRT1$OFF
   682                           __CFG_WRT1$OFF equ 0x0
   683  0000                     global __CFG_WRTC$OFF
   684                           __CFG_WRTC$OFF equ 0x0
   685  0000                     global __CFG_WRTB$OFF
   686                           __CFG_WRTB$OFF equ 0x0
   687  0000                     global __CFG_WRTD$OFF
   688                           __CFG_WRTD$OFF equ 0x0
   689  0000                     global __CFG_EBTR0$OFF
   690                           __CFG_EBTR0$OFF equ 0x0
   691  0000                     global __CFG_EBTR1$OFF
   692                           __CFG_EBTR1$OFF equ 0x0
   693  0000                     global __CFG_EBTRB$OFF
   694                           __CFG_EBTRB$OFF equ 0x0
   695  0000                     	file	"C:\Users\SRIHAR~1\AppData\Local\Temp\s214."
   696                           	line	#
   697                           psect	cinit,class=CODE,delta=1,reloc=2
   698                           global __pcinit
   699                           __pcinit:
   700  000076                     global start_initialization
   701                           start_initialization:
   702  000076                     
   703                           global __initialization
   704                           __initialization:
   705  000076                     psect	bssCOMRAM,class=COMRAM,space=1,noexec
   706                           global __pbssCOMRAM
   707                           __pbssCOMRAM:
   708  000001                     	global	_gFlag
   709                           _gFlag:
   710  000001                            ds      1
   711  000001                     	file	"C:\Users\SRIHAR~1\AppData\Local\Temp\s214."
   712                           	line	#
   713                           psect	cinit
   714                           ; Clear objects allocated to COMRAM (1 bytes)
   715                           	global __pbssCOMRAM
   716                           clrf	(__pbssCOMRAM+0)&0xffh,c
   717  000076  6A01               psect cinit,class=CODE,delta=1
   718                           global end_of_initialization,__end_of__initialization
   719                           
   720                           ;End of C runtime variable initialization code
   721                           
   722                           end_of_initialization:
   723  000078                     __end_of__initialization:
   724  000078                     	bcf int$flags,0,c ;clear compiler interrupt flag (level 1)
   725  000078  9003               	bcf int$flags,1,c ;clear compiler interrupt flag (level 2)
   726  00007A  9203               movlb 0
   727  00007C  0100               goto _main	;jump to C main() function
   728  00007E  EF1B  F000         psect	cstackCOMRAM,class=COMRAM,space=1,noexec
   729                           global __pcstackCOMRAM
   730                           __pcstackCOMRAM:
   731  000002                     ?_main:	; 1 bytes @ 0x0
   732  000002                     ?_MyISR:	; 1 bytes @ 0x0
   733  000002                     ??_MyISR:	; 1 bytes @ 0x0
   734  000002                     	ds   1
   735  000002                     ??_main:	; 1 bytes @ 0x1
   736  000003                     ;!
   737                           ;!Data Sizes:
   738                           ;!    Strings     0
   739                           ;!    Constant    0
   740                           ;!    Data        0
   741                           ;!    BSS         1
   742                           ;!    Persistent  0
   743                           ;!    Stack       0
   744                           ;!
   745                           ;!Auto Spaces:
   746                           ;!    Space          Size  Autos    Used
   747                           ;!    COMRAM           94      1       2
   748                           ;!    BANK0           160      0       0
   749                           ;!    BANK1           256      0       0
   750                           ;!    BANK2           256      0       0
   751                           
   752                           ;!
   753                           ;!Pointer List with Targets:
   754                           ;!
   755                           ;!    None.
   756                           
   757                           
   758                           ;!
   759                           ;!Critical Paths under _main in COMRAM
   760                           ;!
   761                           ;!    None.
   762                           ;!
   763                           ;!Critical Paths under _MyISR in COMRAM
   764                           ;!
   765                           ;!    None.
   766                           ;!
   767                           ;!Critical Paths under _main in BANK0
   768                           ;!
   769                           ;!    None.
   770                           ;!
   771                           ;!Critical Paths under _MyISR in BANK0
   772                           ;!
   773                           ;!    None.
   774                           ;!
   775                           ;!Critical Paths under _main in BANK1
   776                           ;!
   777                           ;!    None.
   778                           ;!
   779                           ;!Critical Paths under _MyISR in BANK1
   780                           ;!
   781                           ;!    None.
   782                           ;!
   783                           ;!Critical Paths under _main in BANK2
   784                           ;!
   785                           ;!    None.
   786                           ;!
   787                           ;!Critical Paths under _MyISR in BANK2
   788                           ;!
   789                           ;!    None.
   790                           
   791 ;;
   792 ;;Main: autosize = 0, tempsize = 0, incstack = 0, save=0
   793 ;;
   794                           
   795                           ;!
   796                           ;!Call Graph Tables:
   797                           ;!
   798                           ;! ---------------------------------------------------------------------------------
   799                           ;! (Depth) Function   	        Calls       Base Space   Used Autos Params    Refs
   800                           ;! ---------------------------------------------------------------------------------
   801                           ;! (0) _main                                                 0     0      0       0
   802                           ;! ---------------------------------------------------------------------------------
   803                           ;! Estimated maximum stack depth 0
   804                           ;! ---------------------------------------------------------------------------------
   805                           ;! (Depth) Function   	        Calls       Base Space   Used Autos Params    Refs
   806                           ;! ---------------------------------------------------------------------------------
   807                           ;! (1) _MyISR                                                1     1      0       0
   808                           ;!                                              0 COMRAM     1     1      0
   809                           ;! ---------------------------------------------------------------------------------
   810                           ;! Estimated maximum stack depth 1
   811                           ;! ---------------------------------------------------------------------------------
   812                           ;!
   813                           ;! Call Graph Graphs:
   814                           ;!
   815                           ;! _main (ROOT)
   816                           ;!
   817                           ;! _MyISR (ROOT)
   818                           ;!
   819                           
   820                           ;! Address spaces:
   821                           
   822                           ;!Name               Size   Autos  Total    Cost      Usage
   823                           ;!BIGRAM             2FF      0       0      10        0.0%
   824                           ;!EEDATA             100      0       0       0        0.0%
   825                           ;!BITBANK2           100      0       0       6        0.0%
   826                           ;!BANK2              100      0       0       7        0.0%
   827                           ;!BITBANK1           100      0       0       9        0.0%
   828                           ;!BANK1              100      0       0       5        0.0%
   829                           ;!BITBANK0            A0      0       0       3        0.0%
   830                           ;!BANK0               A0      0       0       4        0.0%
   831                           ;!BITCOMRAM           5E      0       0       0        0.0%
   832                           ;!COMRAM              5E      1       2       1        2.1%
   833                           ;!BITSFR_1             0      0       0     200        0.0%
   834                           ;!SFR_1                0      0       0     200        0.0%
   835                           ;!BITSFR               0      0       0     200        0.0%
   836                           ;!SFR                  0      0       0     200        0.0%
   837                           ;!STACK                0      0       0       2        0.0%
   838                           ;!NULL                 0      0       0       0        0.0%
   839                           ;!ABS                  0      0       2       8        0.0%
   840                           ;!DATA                 0      0       2      11        0.0%
   841                           ;!CODE                 0      0       0       0        0.0%
   842                           
   843                           	global	_main
   844                           
   845 ;; *************** function _main *****************
   846 ;; Defined at:
   847 ;;		line 71 in file "newmain.c"
   848 ;; Parameters:    Size  Location     Type
   849 ;;		None
   850 ;; Auto vars:     Size  Location     Type
   851 ;;		None
   852 ;; Return value:  Size  Location     Type
   853 ;;                  1    wreg      void 
   854 ;; Registers used:
   855 ;;		wreg, status,2
   856 ;; Tracked objects:
   857 ;;		On entry : 0/0
   858 ;;		On exit  : 0/0
   859 ;;		Unchanged: 0/0
   860 ;; Data sizes:     COMRAM   BANK0   BANK1   BANK2
   861 ;;      Params:         0       0       0       0
   862 ;;      Locals:         0       0       0       0
   863 ;;      Temps:          0       0       0       0
   864 ;;      Totals:         0       0       0       0
   865 ;;Total ram usage:        0 bytes
   866 ;; Hardware stack levels required when called:    1
   867 ;; This function calls:
   868 ;;		Nothing
   869 ;; This function is called by:
   870 ;;		Startup code after reset
   871 ;; This function uses a non-reentrant model
   872 ;;
   873                           psect	text0,class=CODE,space=0,reloc=2,group=0
   874                           	file	"newmain.c"
   875                           	line	71
   876                           global __ptext0
   877                           __ptext0:
   878  000036                     psect	text0
   879                           	file	"newmain.c"
   880                           	line	71
   881                           	global	__size_of_main
   882                           	__size_of_main	equ	__end_of_main-_main
   883  0000                     	
   884                           _main:
   885  000036                     ;incstack = 0
   886                           	opt	stack 30
   887                           	line	74
   888                           	
   889                           l710:
   890  000036                     ;newmain.c: 74:     TRISDbits.TRISD0 = 0;
   891                           	bcf	((c:3989)),c,0	;volatile
   892  000036  9095               	line	75
   893                           ;newmain.c: 75:     ANSELDbits.ANSD0 = 0;
   894                           	movlb	15	; () banked
   895  000038  010F               	bcf	((3899))&0ffh,0	;volatile
   896  00003A  913B               	line	78
   897                           ;newmain.c: 78:     TRISBbits.TRISB0 = 1;
   898                           	bsf	((c:3987)),c,0	;volatile
   899  00003C  8093               	line	79
   900                           ;newmain.c: 79:     ANSELBbits.ANSB0 = 0;
   901                           	bcf	((3897))&0ffh,0	;volatile
   902  00003E  9139               	line	82
   903                           ;newmain.c: 82:     LATDbits.LATD0 = 0;
   904                           	bcf	((c:3980)),c,0	;volatile
   905  000040  908C               	line	85
   906                           ;newmain.c: 85:     INTCONbits.GIE = 1;
   907                           	bsf	((c:4082)),c,7	;volatile
   908  000042  8EF2               	line	86
   909                           ;newmain.c: 86:     INTCONbits.INT0IE = 1;
   910                           	bsf	((c:4082)),c,4	;volatile
   911  000044  88F2               	line	87
   912                           ;newmain.c: 87:     INTCONbits.INT0IF = 0;
   913                           	bcf	((c:4082)),c,1	;volatile
   914  000046  92F2               	line	89
   915                           ;newmain.c: 89:     INTCON2bits.INTEDG0 = 0;
   916                           	bcf	((c:4081)),c,6	;volatile
   917  000048  9CF1               	goto	l712
   918  00004A  EF27  F000         	line	91
   919                           ;newmain.c: 91:     while(1)
   920                           	
   921                           l23:; BSR set to: 15
   922  00004E                     
   923                           	line	93
   924                           	
   925                           l712:
   926  00004E                     ;newmain.c: 92:     {;newmain.c: 93:         if(gFlag)
   927                           	movf	((c:_gFlag)),c,w
   928  00004E  5001               	btfsc	status,2
   929  000050  B4D8               	goto	u11
   930  000052  EF2D  F000         	goto	u10
   931  000056  EF2F  F000         u11:
   932  00005A                     	goto	l24
   933  00005A  EF32  F000         u10:
   934  00005E                     	line	94
   935                           	
   936                           l714:
   937  00005E                     ;newmain.c: 94:             LATDbits.LATD0 = 1;
   938                           	bsf	((c:3980)),c,0	;volatile
   939  00005E  808C               	goto	l712
   940  000060  EF27  F000         	line	95
   941                           ;newmain.c: 95:         else
   942                           	
   943                           l24:
   944  000064                     	line	96
   945                           ;newmain.c: 96:             LATDbits.LATD0 = 0;
   946                           	bcf	((c:3980)),c,0	;volatile
   947  000064  908C               	goto	l712
   948  000066  EF27  F000         	
   949                           l25:
   950  00006A                     	goto	l712
   951  00006A  EF27  F000         	line	108
   952                           ;newmain.c: 108:     }
   953                           	
   954                           l26:
   955  00006E                     	goto	l712
   956  00006E  EF27  F000         	
   957                           l27:
   958  000072                     	line	111
   959                           ;newmain.c: 110:     return;
   960                           	
   961                           l28:
   962  000072                     	global	start
   963                           	goto	start
   964  000072  EF19  F000         	opt stack 0
   965                           GLOBAL	__end_of_main
   966                           	__end_of_main:
   967  000076                     	signat	_main,89
   968                           	global	_MyISR
   969                           
   970 ;; *************** function _MyISR *****************
   971 ;; Defined at:
   972 ;;		line 113 in file "newmain.c"
   973 ;; Parameters:    Size  Location     Type
   974 ;;		None
   975 ;; Auto vars:     Size  Location     Type
   976 ;;		None
   977 ;; Return value:  Size  Location     Type
   978 ;;                  1    wreg      void 
   979 ;; Registers used:
   980 ;;		wreg, status,2, status,0
   981 ;; Tracked objects:
   982 ;;		On entry : 0/0
   983 ;;		On exit  : 0/0
   984 ;;		Unchanged: 0/0
   985 ;; Data sizes:     COMRAM   BANK0   BANK1   BANK2
   986 ;;      Params:         0       0       0       0
   987 ;;      Locals:         0       0       0       0
   988 ;;      Temps:          1       0       0       0
   989 ;;      Totals:         1       0       0       0
   990 ;;Total ram usage:        1 bytes
   991 ;; Hardware stack levels used:    1
   992 ;; This function calls:
   993 ;;		Nothing
   994 ;; This function is called by:
   995 ;;		Interrupt level 2
   996 ;; This function uses a non-reentrant model
   997 ;;
   998                           psect	intcode,class=CODE,space=0,reloc=2
   999                           global __pintcode
  1000                           __pintcode:
  1001  000008                     psect	intcode
  1002                           	file	"newmain.c"
  1003                           	line	113
  1004                           	global	__size_of_MyISR
  1005                           	__size_of_MyISR	equ	__end_of_MyISR-_MyISR
  1006  0000                     	
  1007                           _MyISR:
  1008  000008                     ;incstack = 0
  1009                           	opt	stack 30
  1010                           	bsf int$flags,1,c ;set compiler interrupt flag (level 2)
  1011  000008  8203               	line	115
  1012                           	
  1013                           i2l716:
  1014  00000A                     ;newmain.c: 115:     if(INTCONbits.INT0IF == 1)
  1015                           	btfss	((c:4082)),c,1	;volatile
  1016  00000A  A2F2               	goto	i2u2_41
  1017  00000C  EF0A  F000         	goto	i2u2_40
  1018  000010  EF0C  F000         i2u2_41:
  1019  000014                     	goto	i2l34
  1020  000014  EF17  F000         i2u2_40:
  1021  000018                     	line	117
  1022                           	
  1023                           i2l718:
  1024  000018                     ;newmain.c: 116:     {;newmain.c: 117:         gFlag = ~gFlag;
  1025                           	comf	((c:_gFlag)),c
  1026  000018  1E01               	line	118
  1027                           	
  1028                           i2l720:
  1029  00001A                     ;newmain.c: 118:         _delay((unsigned long)((300)*(1000000/4000.0)));
  1030                           	opt asmopt_push
  1031                           opt asmopt_off
  1032                           movlw	98
  1033  00001A  0E62               movwf	(??_MyISR+0+0)&0ffh,c,f
  1034  00001C  6E02               	movlw	102
  1035  00001E  0E66               i2u3_47:
  1036  000020                     decfsz	wreg,f
  1037  000020  2EE8               	bra	i2u3_47
  1038  000022  D7FE               	decfsz	(??_MyISR+0+0)&0ffh,c,f
  1039  000024  2E02               	bra	i2u3_47
  1040  000026  D7FC               opt asmopt_pop
  1041                           
  1042                           	line	119
  1043                           	
  1044                           i2l722:
  1045  000028                     ;newmain.c: 119:         INTCONbits.INT0IF = 0;
  1046                           	bcf	((c:4082)),c,1	;volatile
  1047  000028  92F2               	goto	i2l34
  1048  00002A  EF17  F000         	line	120
  1049                           ;newmain.c: 120:     }
  1050                           	
  1051                           i2l33:
  1052  00002E                     	line	122
  1053                           	
  1054                           i2l34:
  1055  00002E                     	bcf int$flags,1,c ;clear compiler interrupt flag (level 2)
  1056  00002E  9203               	retfie f
  1057  000030  0011               	opt stack 0
  1058                           GLOBAL	__end_of_MyISR
  1059                           	__end_of_MyISR:
  1060  000032                     	signat	_MyISR,89
  1061                           	GLOBAL	__activetblptr
  1062                           __activetblptr	EQU	0
  1063  0000                     	psect	intsave_regs,class=BIGRAM,space=1,noexec
  1064                           	PSECT	rparam,class=COMRAM,space=1,noexec
  1065                           	GLOBAL	__Lrparam
  1066                           	FNCONF	rparam,??,?
  1067                           	GLOBAL	___rparam_used
  1068                           	___rparam_used EQU 1
  1069  0000                     	GLOBAL	___param_bank
  1070                           	___param_bank EQU 0
  1071  0000                     GLOBAL	__Lparam, __Hparam
  1072                           GLOBAL	__Lrparam, __Hrparam
  1073                           __Lparam	EQU	__Lrparam
  1074  0000                     __Hparam	EQU	__Hrparam
  1075  0000                            psect   temp,common,ovrld,class=COMRAM,space=1
  1076                           	global	btemp
  1077                           btemp:
  1078  000003                     	ds	1
  1079  000003                     	global	int$flags
  1080                           	int$flags	set btemp
  1081  0000                     	global	wtemp8
  1082                           	wtemp8 set btemp+1
  1083  0000                     	global	ttemp5
  1084                           	ttemp5 set btemp+1
  1085  0000                     	global	ttemp6
  1086                           	ttemp6 set btemp+4
  1087  0000                     	global	ttemp7
  1088                           	ttemp7 set btemp+8
  1089  0000                     	end


Data Sizes:
    Strings     0
    Constant    0
    Data        0
    BSS         1
    Persistent  0
    Stack       0

Auto Spaces:
    Space          Size  Autos    Used
    COMRAM           94      1       2
    BANK0           160      0       0
    BANK1           256      0       0
    BANK2           256      0       0

Pointer List with Targets:

    None.

Critical Paths under _main in COMRAM

    None.

Critical Paths under _MyISR in COMRAM

    None.

Critical Paths under _main in BANK0

    None.

Critical Paths under _MyISR in BANK0

    None.

Critical Paths under _main in BANK1

    None.

Critical Paths under _MyISR in BANK1

    None.

Critical Paths under _main in BANK2

    None.

Critical Paths under _MyISR in BANK2

    None.

Call Graph Tables:

 ---------------------------------------------------------------------------------
 (Depth) Function   	        Calls       Base Space   Used Autos Params    Refs
 ---------------------------------------------------------------------------------
 (0) _main                                                 0     0      0       0
 ---------------------------------------------------------------------------------
 Estimated maximum stack depth 0
 ---------------------------------------------------------------------------------
 (Depth) Function   	        Calls       Base Space   Used Autos Params    Refs
 ---------------------------------------------------------------------------------
 (1) _MyISR                                                1     1      0       0
                                              0 COMRAM     1     1      0
 ---------------------------------------------------------------------------------
 Estimated maximum stack depth 1
 ---------------------------------------------------------------------------------

 Call Graph Graphs:

 _main (ROOT)

 _MyISR (ROOT)

 Address spaces:
Name               Size   Autos  Total    Cost      Usage
BIGRAM             2FF      0       0      10        0.0%
EEDATA             100      0       0       0        0.0%
BITBANK2           100      0       0       6        0.0%
BANK2              100      0       0       7        0.0%
BITBANK1           100      0       0       9        0.0%
BANK1              100      0       0       5        0.0%
BITBANK0            A0      0       0       3        0.0%
BANK0               A0      0       0       4        0.0%
BITCOMRAM           5E      0       0       0        0.0%
COMRAM              5E      1       2       1        2.1%
BITSFR_1             0      0       0     200        0.0%
SFR_1                0      0       0     200        0.0%
BITSFR               0      0       0     200        0.0%
SFR                  0      0       0     200        0.0%
STACK                0      0       0       2        0.0%
NULL                 0      0       0       0        0.0%
ABS                  0      0       2       8        0.0%
DATA                 0      0       2      11        0.0%
CODE                 0      0       0       0        0.0%


Microchip Technology PIC18 Macro Assembler V2.00 build -1524193055 
Symbol Table                                                                                   Mon Aug 12 18:35:56 2019

                     l23 004E                       l24 0064                       l25 006A  
                     l26 006E                       l27 0072                       l28 0072  
                     u10 005E                       u11 005A             __CFG_CP0$OFF 000000  
           __CFG_CP1$OFF 000000              __CFG_LVP$ON 000000                      l710 0036  
                    l712 004E                      l714 005E             __CFG_CPB$OFF 000000  
           __CFG_CPD$OFF 000000                      wreg 000FE8                     i2l33 002E  
                   i2l34 002E                     _main 0036                     btemp 0003  
          __CFG_BORV$190 000000                     start 0032            __CFG_IESO$OFF 000000  
           ___param_bank 000000                    ?_main 0002                    i2l720 001A  
                  i2l722 0028                    i2l716 000A                    i2l718 0018  
          __CFG_WRT0$OFF 000000            __CFG_WRT1$OFF 000000                    _MyISR 0008  
         __CFG_EBTR0$OFF 000000           __CFG_FCMEN$OFF 000000           __CFG_EBTR1$OFF 000000  
                  _gFlag 0001            __CFG_WRTB$OFF 000000            __CFG_WRTC$OFF 000000  
          __CFG_WRTD$OFF 000000           __CFG_EBTRB$OFF 000000       __CFG_MCLRE$EXTMCLR 000000  
                  ttemp5 0004                    ttemp6 0007                    ttemp7 000B  
                  status 000FD8                    wtemp8 0004           __CFG_HFOFST$ON 000000  
         __CFG_PBADEN$ON 000000          __initialization 0076             __end_of_main 0076  
                 ??_main 0003            __activetblptr 000000                   ?_MyISR 0002  
         __CFG_WDTEN$OFF 000000                   i2u2_40 0018                   i2u2_41 0014  
                 i2u3_47 0020           __CFG_XINST$OFF 000000           __CFG_STVREN$ON 000000  
             __accesstop 0060  __end_of__initialization 0078            ___rparam_used 000001  
          __end_of_MyISR 0032           __pcstackCOMRAM 0002                  ??_MyISR 0002  
        __CFG_PLLCFG$OFF 000000       __CFG_CCP2MX$PORTC1 000000       __CFG_CCP3MX$PORTB5 000000  
        __CFG_PWRTEN$OFF 000000                  __Hparam 0000                  __Lparam 0000  
                __pcinit 0076                  __ramtop 0300                  __ptext0 0036  
   end_of_initialization 0078                _TRISBbits 000F93                _TRISDbits 000F95  
    start_initialization 0076              __pbssCOMRAM 0001                __pintcode 0008  
       __CFG_PRICLKEN$ON 000000           __size_of_MyISR 002A                 _LATDbits 000F8C  
       __CFG_WDTPS$32768 000000              _INTCON2bits 000FF1                 __Hrparam 0000  
               __Lrparam 0000       __CFG_BOREN$SBORDIS 000000        __CFG_P2BMX$PORTD2 000000  
             _ANSELBbits 000F39               _ANSELDbits 000F3B            __size_of_main 0040  
               int$flags 0003               _INTCONbits 000FF2                 intlevel2 0000  
      __CFG_T3CMX$PORTC0 000000        __CFG_FOSC$INTIO67 000000  
